<?xml version="1.0" encoding="UTF-8"?>
<!-- Generated by org.testng.reporters.JUnitXMLReporter -->
<testsuite hostname="Infva06932" ignored="0" tests="0" failures="0" timestamp="06 Jul 2019 06:18:55 GMT" time="0.095" errors="0">
  <testcase name="@BeforeTest beforeTest" time="0.0" classname="com.lti.day8.GridExample">
    <failure type="org.testng.TestNGException" message="
Parameter &amp;apos;node&amp;apos; is required by BeforeTest on method beforeTest but has not been marked @Optional or defined
in D:\Javaworkspace\TSL203\testnggrids.xml">
      <![CDATA[org.testng.TestNGException: 
Parameter 'node' is required by BeforeTest on method beforeTest but has not been marked @Optional or defined
in D:\Javaworkspace\TSL203\testnggrids.xml
at java.util.concurrent.FutureTask.run(Unknown Source)
at java.util.concurrent.ThreadPoolExecutor.runWorker(Unknown Source)
at java.util.concurrent.ThreadPoolExecutor$Worker.run(Unknown Source)
at java.lang.Thread.run(Unknown Source)
... Removed 12 stack frames]]>
    </failure>
  </testcase> <!-- @BeforeTest beforeTest -->
  <testcase name="@AfterTest afterTest" time="0.0" classname="com.lti.day8.GridExample">
    <skipped/>
  </testcase> <!-- @AfterTest afterTest -->
</testsuite>
